<?xml version="1.0" encoding="UTF-8"?>
<!-- Generated by org.testng.reporters.JUnitReportReporter -->
<testsuite skipped="0" hostname="DESKTOP-11EPHE0" name="testing.Jenkins_Test" tests="1" failures="0" timestamp="11 Jun 2019 05:11:17 GMT" time="29.997" errors="0">
  <testcase name="f" time="29.997" classname="testing.Jenkins_Test"/>
</testsuite> <!-- testing.Jenkins_Test -->
